<?xml version="1.0" encoding="UTF-8"?>
<testsuite xmlns:xsi="http://www.w3.org/2001/XMLSchema-instance" xsi:noNamespaceSchemaLocation="https://maven.apache.org/surefire/maven-surefire-plugin/xsd/surefire-test-report.xsd" name="com.tying.CodeGeneratorTest" time="4.203" tests="1" errors="1" skipped="0" failures="0">
  <properties>
[...]
</properties>
  <testcase name="generate" classname="com.tying.CodeGeneratorTest" time="4.203">
    <error message="com.mysql.cj.jdbc.exceptions.CommunicationsException: Communications link failure&#10;&#10;The last packet sent successfully to the server was 0 milliseconds ago. The driver has not received any packets from the server." type="java.lang.RuntimeException">java.lang.RuntimeException: 
com.mysql.cj.jdbc.exceptions.CommunicationsException: Communications link failure

The last packet sent successfully to the server was 0 milliseconds ago. The driver has not received any packets from the server.
	at com.tying.CodeGeneratorTest.generate(CodeGeneratorTest.java:66)
Caused by: com.mysql.cj.jdbc.exceptions.CommunicationsException: 
Communications link failure

The last packet sent successfully to the server was 0 milliseconds ago. The driver has not received any packets from the server.
	at com.tying.CodeGeneratorTest.generate(CodeGeneratorTest.java:66)
Caused by: com.mysql.cj.exceptions.CJCommunicationsException: 
Communications link failure

The last packet sent successfully to the server was 0 milliseconds ago. The driver has not received any packets from the server.
	at com.tying.CodeGeneratorTest.generate(CodeGeneratorTest.java:66)
Caused by: java.net.ConnectException: Connection refused: connect
	at com.tying.CodeGeneratorTest.generate(CodeGeneratorTest.java:66)
</error>
    <system-out><![CDATA[10:19:16.340 [main] DEBUG com.baomidou.mybatisplus.generator.AutoGenerator - ==========================准备生成文件...==========================
]]></system-out>
  </testcase>
</testsuite>